This is pdfTeX, Version 3.141592653-2.6-1.40.27 (MiKTeX 25.4) (preloaded format=pdflatex 2025.5.2)  3 MAY 2025 17:19
entering extended mode
 restricted \write18 enabled.
 file:line:error style messages enabled.
 %&-line parsing enabled.
**"c:/Users/luisl/Documents/Metodos Numericos 2025/Metodos-Numericos-2025/Primer Bimestre/Deber_5/Deber_3_Latex/main.tex"
(c:/Users/luisl/Documents/Metodos Numericos 2025/Metodos-Numericos-2025/Primer Bimestre/Deber_5/Deber_3_Latex/main.tex
LaTeX2e <2024-11-01> patch level 2
L3 programming layer <2025-03-26>
(C:\Users\luisl\AppData\Local\Programs\MiKTeX\tex/latex/base\article.cls
Document Class: article 2024/06/29 v1.4n Standard LaTeX document class
(C:\Users\luisl\AppData\Local\Programs\MiKTeX\tex/latex/base\size12.clo
File: size12.clo 2024/06/29 v1.4n Standard LaTeX file (size option)
)
\c@part=\count197
\c@section=\count198
\c@subsection=\count199
\c@subsubsection=\count266
\c@paragraph=\count267
\c@subparagraph=\count268
\c@figure=\count269
\c@table=\count270
\abovecaptionskip=\skip49
\belowcaptionskip=\skip50
\bibindent=\dimen146
) (C:\Users\luisl\AppData\Local\Programs\MiKTeX\tex/generic/babel\babel.sty
Package: babel 2025/04/14 v25.7 The multilingual framework for pdfLaTeX, LuaLaTeX and XeLaTeX
\babel@savecnt=\count271
\U@D=\dimen147
\l@unhyphenated=\language79
 (C:\Users\luisl\AppData\Local\Programs\MiKTeX\tex/generic/babel\txtbabel.def)
\bbl@readstream=\read2
\bbl@dirlevel=\count272

*************************************
* Local config file bblopts.cfg used
*
(C:\Users\luisl\AppData\Local\Programs\MiKTeX\tex/latex/arabi\bblopts.cfg
File: bblopts.cfg 2005/09/08 v0.1 add Arabic and Farsi to "declared" options of babel
) (C:\Users\luisl\AppData\Local\Programs\MiKTeX\tex/latex/babel-spanish\spanish.ldf
Language: spanish.ldf 2021/05/27 v5.0q Spanish support from the babel system
\es@quottoks=\toks17
\es@quotdepth=\count273
Package babel Info: Making " an active character on input line 570.
Package babel Info: Making . an active character on input line 675.
Package babel Info: Making < an active character on input line 722.
Package babel Info: Making > an active character on input line 722.
)) (C:\Users\luisl\AppData\Local\Programs\MiKTeX\tex/generic/babel/locale/es\babel-spanish.tex
Package babel Info: Importing font and identification data for spanish
(babel)             from babel-es.ini. Reported on input line 11.
) (C:\Users\luisl\AppData\Local\Programs\MiKTeX\tex/latex/geometry\geometry.sty
Package: geometry 2020/01/02 v5.9 Page Geometry
 (C:\Users\luisl\AppData\Local\Programs\MiKTeX\tex/latex/graphics\keyval.sty
Package: keyval 2022/05/29 v1.15 key=value parser (DPC)
\KV@toks@=\toks18
) (C:\Users\luisl\AppData\Local\Programs\MiKTeX\tex/generic/iftex\ifvtex.sty
Package: ifvtex 2019/10/25 v1.7 ifvtex legacy package. Use iftex instead.
 (C:\Users\luisl\AppData\Local\Programs\MiKTeX\tex/generic/iftex\iftex.sty
Package: iftex 2024/12/12 v1.0g TeX engine tests
))
\Gm@cnth=\count274
\Gm@cntv=\count275
\c@Gm@tempcnt=\count276
\Gm@bindingoffset=\dimen148
\Gm@wd@mp=\dimen149
\Gm@odd@mp=\dimen150
\Gm@even@mp=\dimen151
\Gm@layoutwidth=\dimen152
\Gm@layoutheight=\dimen153
\Gm@layouthoffset=\dimen154
\Gm@layoutvoffset=\dimen155
\Gm@dimlist=\toks19
 (C:\Users\luisl\AppData\Local\Programs\MiKTeX\tex/latex/geometry\geometry.cfg)) (C:\Users\luisl\AppData\Local\Programs\MiKTeX\tex/latex/graphics\graphicx.sty
Package: graphicx 2021/09/16 v1.2d Enhanced LaTeX Graphics (DPC,SPQR)
 (C:\Users\luisl\AppData\Local\Programs\MiKTeX\tex/latex/graphics\graphics.sty
Package: graphics 2024/08/06 v1.4g Standard LaTeX Graphics (DPC,SPQR)
 (C:\Users\luisl\AppData\Local\Programs\MiKTeX\tex/latex/graphics\trig.sty
Package: trig 2023/12/02 v1.11 sin cos tan (DPC)
) (C:\Users\luisl\AppData\Local\Programs\MiKTeX\tex/latex/graphics-cfg\graphics.cfg
File: graphics.cfg 2016/06/04 v1.11 sample graphics configuration
)
Package graphics Info: Driver file: pdftex.def on input line 106.
 (C:\Users\luisl\AppData\Local\Programs\MiKTeX\tex/latex/graphics-def\pdftex.def
File: pdftex.def 2024/04/13 v1.2c Graphics/color driver for pdftex
))
\Gin@req@height=\dimen156
\Gin@req@width=\dimen157
) (C:\Users\luisl\AppData\Local\Programs\MiKTeX\tex/latex/xcolor\xcolor.sty
Package: xcolor 2024/09/29 v3.02 LaTeX color extensions (UK)
 (C:\Users\luisl\AppData\Local\Programs\MiKTeX\tex/latex/graphics-cfg\color.cfg
File: color.cfg 2016/01/02 v1.6 sample color configuration
)
Package xcolor Info: Driver file: pdftex.def on input line 274.
 (C:\Users\luisl\AppData\Local\Programs\MiKTeX\tex/latex/graphics\mathcolor.ltx)
Package xcolor Info: Model `cmy' substituted by `cmy0' on input line 1349.
Package xcolor Info: Model `hsb' substituted by `rgb' on input line 1353.
Package xcolor Info: Model `RGB' extended on input line 1365.
Package xcolor Info: Model `HTML' substituted by `rgb' on input line 1367.
Package xcolor Info: Model `Hsb' substituted by `hsb' on input line 1368.
Package xcolor Info: Model `tHsb' substituted by `hsb' on input line 1369.
Package xcolor Info: Model `HSB' substituted by `hsb' on input line 1370.
Package xcolor Info: Model `Gray' substituted by `gray' on input line 1371.
Package xcolor Info: Model `wave' substituted by `hsb' on input line 1372.
) (C:\Users\luisl\AppData\Local\Programs\MiKTeX\tex/latex/titlesec\titlesec.sty
Package: titlesec 2025/01/04 v2.17 Sectioning titles
\ttl@box=\box53
\beforetitleunit=\skip51
\aftertitleunit=\skip52
\ttl@plus=\dimen158
\ttl@minus=\dimen159
\ttl@toksa=\toks20
\titlewidth=\dimen160
\titlewidthlast=\dimen161
\titlewidthfirst=\dimen162
) (C:\Users\luisl\AppData\Local\Programs\MiKTeX\tex/latex/parskip\parskip.sty
Package: parskip 2021-03-14 v2.0h non-zero parskip adjustments
 (C:\Users\luisl\AppData\Local\Programs\MiKTeX\tex/latex/kvoptions\kvoptions.sty
Package: kvoptions 2022-06-15 v3.15 Key value format for package options (HO)
 (C:\Users\luisl\AppData\Local\Programs\MiKTeX\tex/generic/ltxcmds\ltxcmds.sty
Package: ltxcmds 2023-12-04 v1.26 LaTeX kernel commands for general use (HO)
) (C:\Users\luisl\AppData\Local\Programs\MiKTeX\tex/latex/kvsetkeys\kvsetkeys.sty
Package: kvsetkeys 2022-10-05 v1.19 Key value parser (HO)
)) (C:\Users\luisl\AppData\Local\Programs\MiKTeX\tex/latex/etoolbox\etoolbox.sty
Package: etoolbox 2025/02/11 v2.5l e-TeX tools for LaTeX (JAW)
\etb@tempcnta=\count277
)) (C:\Users\luisl\AppData\Local\Programs\MiKTeX\tex/latex/tools\multicol.sty
Package: multicol 2024/09/14 v1.9i multicolumn formatting (FMi)
\c@tracingmulticols=\count278
\mult@box=\box54
\multicol@leftmargin=\dimen163
\c@unbalance=\count279
\c@collectmore=\count280
\doublecol@number=\count281
\multicoltolerance=\count282
\multicolpretolerance=\count283
\full@width=\dimen164
\page@free=\dimen165
\premulticols=\dimen166
\postmulticols=\dimen167
\multicolsep=\skip53
\multicolbaselineskip=\skip54
\partial@page=\box55
\last@line=\box56
\mc@boxedresult=\box57
\maxbalancingoverflow=\dimen168
\mult@rightbox=\box58
\mult@grightbox=\box59
\mult@firstbox=\box60
\mult@gfirstbox=\box61
\@tempa=\box62
\@tempa=\box63
\@tempa=\box64
\@tempa=\box65
\@tempa=\box66
\@tempa=\box67
\@tempa=\box68
\@tempa=\box69
\@tempa=\box70
\@tempa=\box71
\@tempa=\box72
\@tempa=\box73
\@tempa=\box74
\@tempa=\box75
\@tempa=\box76
\@tempa=\box77
\@tempa=\box78
\@tempa=\box79
\@tempa=\box80
\@tempa=\box81
\@tempa=\box82
\@tempa=\box83
\@tempa=\box84
\@tempa=\box85
\@tempa=\box86
\@tempa=\box87
\@tempa=\box88
\@tempa=\box89
\@tempa=\box90
\@tempa=\box91
\@tempa=\box92
\@tempa=\box93
\@tempa=\box94
\@tempa=\box95
\@tempa=\box96
\@tempa=\box97
\c@minrows=\count284
\c@columnbadness=\count285
\c@finalcolumnbadness=\count286
\last@try=\dimen169
\multicolovershoot=\dimen170
\multicolundershoot=\dimen171
\mult@nat@firstbox=\box98
\colbreak@box=\box99
\mc@col@check@num=\count287
) (C:\Users\luisl\AppData\Local\Programs\MiKTeX\tex/latex/cite\cite.sty
LaTeX Info: Redefining \cite on input line 302.
LaTeX Info: Redefining \nocite on input line 332.
Package: cite 2015/02/27  v 5.5
) (C:\Users\luisl\AppData\Local\Programs\MiKTeX\tex/latex/l3backend\l3backend-pdftex.def
File: l3backend-pdftex.def 2025-03-14 L3 backend support: PDF output (pdfTeX)
\l__color_backend_stack_int=\count288
) (main.aux)
\openout1 = `main.aux'.

LaTeX Font Info:    Checking defaults for OML/cmm/m/it on input line 17.
LaTeX Font Info:    ... okay on input line 17.
LaTeX Font Info:    Checking defaults for OMS/cmsy/m/n on input line 17.
LaTeX Font Info:    ... okay on input line 17.
LaTeX Font Info:    Checking defaults for OT1/cmr/m/n on input line 17.
LaTeX Font Info:    ... okay on input line 17.
LaTeX Font Info:    Checking defaults for T1/cmr/m/n on input line 17.
LaTeX Font Info:    ... okay on input line 17.
LaTeX Font Info:    Checking defaults for TS1/cmr/m/n on input line 17.
LaTeX Font Info:    ... okay on input line 17.
LaTeX Font Info:    Checking defaults for OMX/cmex/m/n on input line 17.
LaTeX Font Info:    ... okay on input line 17.
LaTeX Font Info:    Checking defaults for U/cmr/m/n on input line 17.
LaTeX Font Info:    ... okay on input line 17.
LaTeX Info: Redefining \. on input line 17.
LaTeX Info: Redefining \% on input line 17.
Package babel Info: 'spanish' activates 'spanish' shorthands.
(babel)             Reported  on input line 17.

*geometry* driver: auto-detecting
*geometry* detected driver: pdftex
*geometry* verbose mode - [ preamble ] result:
* driver: pdftex
* paper: a4paper
* layout: <same size as paper>
* layoutoffset:(h,v)=(0.0pt,0.0pt)
* modes: 
* h-part:(L,W,R)=(72.26999pt, 452.9679pt, 72.26999pt)
* v-part:(T,H,B)=(72.26999pt, 700.50687pt, 72.26999pt)
* \paperwidth=597.50787pt
* \paperheight=845.04684pt
* \textwidth=452.9679pt
* \textheight=700.50687pt
* \oddsidemargin=0.0pt
* \evensidemargin=0.0pt
* \topmargin=-37.0pt
* \headheight=12.0pt
* \headsep=25.0pt
* \topskip=12.0pt
* \footskip=30.0pt
* \marginparwidth=44.0pt
* \marginparsep=10.0pt
* \columnsep=10.0pt
* \skip\footins=10.8pt plus 4.0pt minus 2.0pt
* \hoffset=0.0pt
* \voffset=0.0pt
* \mag=1000
* \@twocolumnfalse
* \@twosidefalse
* \@mparswitchfalse
* \@reversemarginfalse
* (1in=72.27pt=25.4mm, 1cm=28.453pt)

(C:\Users\luisl\AppData\Local\Programs\MiKTeX\tex/context/base/mkii\supp-pdf.mkii
[Loading MPS to PDF converter (version 2006.09.02).]
\scratchcounter=\count289
\scratchdimen=\dimen172
\scratchbox=\box100
\nofMPsegments=\count290
\nofMParguments=\count291
\everyMPshowfont=\toks21
\MPscratchCnt=\count292
\MPscratchDim=\dimen173
\MPnumerator=\count293
\makeMPintoPDFobject=\count294
\everyMPtoPDFconversion=\toks22
) (C:\Users\luisl\AppData\Local\Programs\MiKTeX\tex/latex/epstopdf-pkg\epstopdf-base.sty
Package: epstopdf-base 2020-01-24 v2.11 Base part for package epstopdf
Package epstopdf-base Info: Redefining graphics rule for `.eps' on input line 485.
 (C:\Users\luisl\AppData\Local\Programs\MiKTeX\tex/latex/00miktex\epstopdf-sys.cfg
File: epstopdf-sys.cfg 2021/03/18 v2.0 Configuration of epstopdf for MiKTeX
))
Couldn't patch \ttl@straight@ii
Couldn't patch \ttl@straight@ii
<inFiles/Figures/epnLogo.jpg, id=1, 91.09032pt x 56.46094pt>
File: inFiles/Figures/epnLogo.jpg Graphic file (type jpg)
<use inFiles/Figures/epnLogo.jpg>
Package pdftex.def Info: inFiles/Figures/epnLogo.jpg  used on input line 21.
(pdftex.def)             Requested size: 81.53241pt x 50.53867pt.
LaTeX Font Info:    External font `cmex10' loaded for size
(Font)              <12> on input line 22.
LaTeX Font Info:    External font `cmex10' loaded for size
(Font)              <8> on input line 22.
LaTeX Font Info:    External font `cmex10' loaded for size
(Font)              <6> on input line 22.
<inFiles/Figures/FIS_logo.jpg, id=2, 68.50594pt x 59.47218pt>
File: inFiles/Figures/FIS_logo.jpg Graphic file (type jpg)
<use inFiles/Figures/FIS_logo.jpg>
Package pdftex.def Info: inFiles/Figures/FIS_logo.jpg  used on input line 26.
(pdftex.def)             Requested size: 81.53241pt x 70.78638pt.
<inFiles/Figures/cdpsu.png, id=3, 1080.035pt x 1312.905pt>
File: inFiles/Figures/cdpsu.png Graphic file (type png)
<use inFiles/Figures/cdpsu.png>
Package pdftex.def Info: inFiles/Figures/cdpsu.png  used on input line 76.
(pdftex.def)             Requested size: 254.79443pt x 309.71468pt.


[1

{C:/Users/luisl/AppData/Local/MiKTeX/fonts/map/pdftex/pdftex.map} <./inFiles/Figures/epnLogo.jpg> <./inFiles/Figures/FIS_logo.jpg>]
<inFiles/Figures/ejec1.jpg, id=12, 805.8105pt x 84.315pt>
File: inFiles/Figures/ejec1.jpg Graphic file (type jpg)
<use inFiles/Figures/ejec1.jpg>
Package pdftex.def Info: inFiles/Figures/ejec1.jpg  used on input line 83.
(pdftex.def)             Requested size: 254.79443pt x 26.6597pt.
<inFiles/Figures/cd1.png, id=13, 1080.035pt x 1122.1925pt>
File: inFiles/Figures/cd1.png Graphic file (type png)
<use inFiles/Figures/cd1.png>
Package pdftex.def Info: inFiles/Figures/cd1.png  used on input line 94.
(pdftex.def)             Requested size: 254.79443pt x 264.72554pt.
<inFiles/Figures/ejec2.jpg, id=14, 493.845pt x 102.3825pt>
File: inFiles/Figures/ejec2.jpg Graphic file (type jpg)
<use inFiles/Figures/ejec2.jpg>
Package pdftex.def Info: inFiles/Figures/ejec2.jpg  used on input line 101.
(pdftex.def)             Requested size: 254.79443pt x 52.82208pt.


[2 <./inFiles/Figures/cdpsu.png> <./inFiles/Figures/ejec1.jpg> <./inFiles/Figures/cd1.png>]
<inFiles/Figures/cd2.png, id=20, 1080.035pt x 893.3375pt>
File: inFiles/Figures/cd2.png Graphic file (type png)
<use inFiles/Figures/cd2.png>
Package pdftex.def Info: inFiles/Figures/cd2.png  used on input line 112.
(pdftex.def)             Requested size: 254.79443pt x 210.73857pt.
<inFiles/Figures/Graf_1.png, id=21, 462.528pt x 346.896pt>
File: inFiles/Figures/Graf_1.png Graphic file (type png)
<use inFiles/Figures/Graf_1.png>
Package pdftex.def Info: inFiles/Figures/Graf_1.png  used on input line 119.
(pdftex.def)             Requested size: 254.79443pt x 191.10039pt.
<inFiles/Figures/cd3.png, id=22, 1080.035pt x 1389.19pt>
File: inFiles/Figures/cd3.png Graphic file (type png)
<use inFiles/Figures/cd3.png>
Package pdftex.def Info: inFiles/Figures/cd3.png  used on input line 131.
(pdftex.def)             Requested size: 254.79443pt x 327.71034pt.


[3 <./inFiles/Figures/ejec2.jpg> <./inFiles/Figures/cd2.png> <./inFiles/Figures/Graf_1.png>]
<inFiles/Figures/ejec3.jpg, id=28, 498.663pt x 107.2005pt>
File: inFiles/Figures/ejec3.jpg Graphic file (type jpg)
<use inFiles/Figures/ejec3.jpg>
Package pdftex.def Info: inFiles/Figures/ejec3.jpg  used on input line 138.
(pdftex.def)             Requested size: 254.79443pt x 54.77457pt.
<inFiles/Figures/cd4.png, id=29, 1080.035pt x 855.195pt>
File: inFiles/Figures/cd4.png Graphic file (type png)
<use inFiles/Figures/cd4.png>
Package pdftex.def Info: inFiles/Figures/cd4.png  used on input line 149.
(pdftex.def)             Requested size: 254.79443pt x 201.74075pt.
<inFiles/Figures/Graf_2.png, id=30, 462.528pt x 346.896pt>
File: inFiles/Figures/Graf_2.png Graphic file (type png)
<use inFiles/Figures/Graf_2.png>
Package pdftex.def Info: inFiles/Figures/Graf_2.png  used on input line 156.
(pdftex.def)             Requested size: 254.79443pt x 191.10039pt.


[4 <./inFiles/Figures/cd3.png> <./inFiles/Figures/ejec3.jpg> <./inFiles/Figures/cd4.png>]
<inFiles/Figures/cd5.png, id=36, 1080.035pt x 1618.045pt>
File: inFiles/Figures/cd5.png Graphic file (type png)
<use inFiles/Figures/cd5.png>
Package pdftex.def Info: inFiles/Figures/cd5.png  used on input line 168.
(pdftex.def)             Requested size: 254.79443pt x 381.6973pt.
<inFiles/Figures/ejec4.jpg, id=37, 850.97925pt x 165.61874pt>
File: inFiles/Figures/ejec4.jpg Graphic file (type jpg)
<use inFiles/Figures/ejec4.jpg>
Package pdftex.def Info: inFiles/Figures/ejec4.jpg  used on input line 175.
(pdftex.def)             Requested size: 254.79443pt x 49.58743pt.


[5 <./inFiles/Figures/Graf_2.png> <./inFiles/Figures/cd5.png> <./inFiles/Figures/ejec4.jpg>]
c:/Users/luisl/Documents/Metodos Numericos 2025/Metodos-Numericos-2025/Primer Bimestre/Deber_5/Deber_3_Latex/main.tex:182: Missing $ inserted.
<inserted text> 
                $
l.182     \item {Dibuje las gráficas para y = x^
                                                 2-1 y y = e^1-x^2}
I've inserted a begin-math/end-math symbol since I think
you left one out. Proceed, with fingers crossed.

c:/Users/luisl/Documents/Metodos Numericos 2025/Metodos-Numericos-2025/Primer Bimestre/Deber_5/Deber_3_Latex/main.tex:182: Extra }, or forgotten $.
l.182 ...s gráficas para y = x^2-1 y y = e^1-x^2}
                                                  
I've deleted a group-closing symbol because it seems to be
spurious, as in `$x}$'. But perhaps the } is legitimate and
you forgot something else, as in `\hbox{$x}'. In such cases
the way to recover is to insert both the forgotten and the
deleted material, e.g., by typing `I$}'.


c:/Users/luisl/Documents/Metodos Numericos 2025/Metodos-Numericos-2025/Primer Bimestre/Deber_5/Deber_3_Latex/main.tex:183: LaTeX Error: Command \end{itemize} invalid in math mode.

See the LaTeX manual or LaTeX Companion for explanation.
Type  H <return>  for immediate help.
 ...                                              
                                                  
l.183 \end{itemize}
                   
Try typing  <return>  to proceed.
If that doesn't work, type  X <return>  to quit.

c:/Users/luisl/Documents/Metodos Numericos 2025/Metodos-Numericos-2025/Primer Bimestre/Deber_5/Deber_3_Latex/main.tex:183: Missing $ inserted.
<inserted text> 
                $
l.183 \end{itemize}
                   
I've inserted a begin-math/end-math symbol since I think
you left one out. Proceed, with fingers crossed.

c:/Users/luisl/Documents/Metodos Numericos 2025/Metodos-Numericos-2025/Primer Bimestre/Deber_5/Deber_3_Latex/main.tex:183: Missing } inserted.
<inserted text> 
                }
l.183 \end{itemize}
                   
I've inserted something that you may have forgotten.
(See the <inserted text> above.)
With luck, this will get me unwedged. But if you
really didn't forget anything, try typing `2' now; then
my insertion and my current dilemma will both disappear.

<inFiles/Figures/cd6.png, id=43, 1080.035pt x 778.91pt>
File: inFiles/Figures/cd6.png Graphic file (type png)
<use inFiles/Figures/cd6.png>
Package pdftex.def Info: inFiles/Figures/cd6.png  used on input line 187.
(pdftex.def)             Requested size: 254.79443pt x 183.7451pt.
<inFiles/Figures/Graf_3.png, id=44, 462.528pt x 346.896pt>
File: inFiles/Figures/Graf_3.png Graphic file (type png)
<use inFiles/Figures/Graf_3.png>
Package pdftex.def Info: inFiles/Figures/Graf_3.png  used on input line 194.
(pdftex.def)             Requested size: 254.79443pt x 191.10039pt.
c:/Users/luisl/Documents/Metodos Numericos 2025/Metodos-Numericos-2025/Primer Bimestre/Deber_5/Deber_3_Latex/main.tex:201: Missing $ inserted.
<inserted text> 
                $
l.201     con x^
                2-1=e^1-x^2}
I've inserted a begin-math/end-math symbol since I think
you left one out. Proceed, with fingers crossed.

c:/Users/luisl/Documents/Metodos Numericos 2025/Metodos-Numericos-2025/Primer Bimestre/Deber_5/Deber_3_Latex/main.tex:201: Extra }, or forgotten $.
l.201     con x^2-1=e^1-x^2}
                            
I've deleted a group-closing symbol because it seems to be
spurious, as in `$x}$'. But perhaps the } is legitimate and
you forgot something else, as in `\hbox{$x}'. In such cases
the way to recover is to insert both the forgotten and the
deleted material, e.g., by typing `I$}'.

c:/Users/luisl/Documents/Metodos Numericos 2025/Metodos-Numericos-2025/Primer Bimestre/Deber_5/Deber_3_Latex/main.tex:202: Missing $ inserted.
<inserted text> 
                $
l.202 
      
I've inserted a begin-math/end-math symbol since I think
you left one out. Proceed, with fingers crossed.

c:/Users/luisl/Documents/Metodos Numericos 2025/Metodos-Numericos-2025/Primer Bimestre/Deber_5/Deber_3_Latex/main.tex:202: Missing } inserted.
<inserted text> 
                }
l.202 
      
I've inserted something that you may have forgotten.
(See the <inserted text> above.)
With luck, this will get me unwedged. But if you
really didn't forget anything, try typing `2' now; then
my insertion and my current dilemma will both disappear.

<inFiles/Figures/cd7.png, id=45, 1080.035pt x 1503.6175pt>
File: inFiles/Figures/cd7.png Graphic file (type png)
<use inFiles/Figures/cd7.png>
Package pdftex.def Info: inFiles/Figures/cd7.png  used on input line 207.
(pdftex.def)             Requested size: 254.79443pt x 354.70381pt.


[6 <./inFiles/Figures/cd6.png> <./inFiles/Figures/Graf_3.png>]
<inFiles/Figures/ejec5.jpg, id=54, 747.9945pt x 127.677pt>
File: inFiles/Figures/ejec5.jpg Graphic file (type jpg)
<use inFiles/Figures/ejec5.jpg>
Package pdftex.def Info: inFiles/Figures/ejec5.jpg  used on input line 214.
(pdftex.def)             Requested size: 254.79443pt x 43.49142pt.
<inFiles/Figures/cd8.png, id=55, 1080.035pt x 1923.185pt>
File: inFiles/Figures/cd8.png Graphic file (type png)
<use inFiles/Figures/cd8.png>
Package pdftex.def Info: inFiles/Figures/cd8.png  used on input line 227.
(pdftex.def)             Requested size: 254.79443pt x 453.67992pt.


[7 <./inFiles/Figures/cd7.png> <./inFiles/Figures/ejec5.jpg>]
<inFiles/Figures/ejec6.jpg, id=64, 578.16pt x 165.61874pt>
File: inFiles/Figures/ejec6.jpg Graphic file (type jpg)
<use inFiles/Figures/ejec6.jpg>
Package pdftex.def Info: inFiles/Figures/ejec6.jpg  used on input line 234.
(pdftex.def)             Requested size: 254.79443pt x 72.98619pt.


[8 <./inFiles/Figures/cd8.png> <./inFiles/Figures/ejec6.jpg>] (main.aux
LaTeX Info: Redefining \. on input line 8.
LaTeX Info: Redefining \% on input line 8.
)
 ***********
LaTeX2e <2024-11-01> patch level 2
L3 programming layer <2025-03-26>
 ***********
 ) 
Here is how much of TeX's memory you used:
 5195 strings out of 469959
 86134 string characters out of 5469835
 495302 words of memory out of 5000000
 31949 multiletter control sequences out of 15000+600000
 630811 words of font info for 53 fonts, out of 8000000 for 9000
 1141 hyphenation exceptions out of 8191
 57i,6n,65p,1244b,365s stack positions out of 10000i,1000n,20000p,200000b,200000s
 <C:\Users\luisl\AppData\Local\MiKTeX\fonts/pk/ljfour/jknappen/ec/dpi600\tcrm1200.pk><C:/Users/luisl/AppData/Local/Programs/MiKTeX/fonts/type1/public/amsfonts/cm/cmbx12.pfb><C:/Users/luisl/AppData/Local/Programs/MiKTeX/fonts/type1/public/amsfonts/cm/cmmi12.pfb><C:/Users/luisl/AppData/Local/Programs/MiKTeX/fonts/type1/public/amsfonts/cm/cmmi8.pfb><C:/Users/luisl/AppData/Local/Programs/MiKTeX/fonts/type1/public/amsfonts/cm/cmr12.pfb><C:/Users/luisl/AppData/Local/Programs/MiKTeX/fonts/type1/public/amsfonts/cm/cmr6.pfb><C:/Users/luisl/AppData/Local/Programs/MiKTeX/fonts/type1/public/amsfonts/cm/cmr8.pfb><C:/Users/luisl/AppData/Local/Programs/MiKTeX/fonts/type1/public/amsfonts/cm/cmsy10.pfb><C:/Users/luisl/AppData/Local/Programs/MiKTeX/fonts/type1/public/amsfonts/cm/cmsy8.pfb>
Output written on main.pdf (8 pages, 1306337 bytes).
PDF statistics:
 107 PDF objects out of 1000 (max. 8388607)
 0 named destinations out of 1000 (max. 500000)
 101 words of extra memory for PDF output out of 10000 (max. 10000000)

